<?xml version="1.0" encoding="UTF-8"?>
<testsuite xmlns:xsi="http://www.w3.org/2001/XMLSchema-instance" xsi:noNamespaceSchemaLocation="https://maven.apache.org/surefire/maven-surefire-plugin/xsd/surefire-test-report-3.0.xsd" version="3.0" name="RunTest" time="39.367" tests="1" errors="0" skipped="0" failures="0">
  <properties>
[...]
</properties>
  <testcase name="Gecerli kullanici bilgileriyle login olunmasi" classname="TC-001 Login Islemleri" time="39.025">
    <system-out><![CDATA[
@login
Scenario: Gecerli kullanici bilgileriyle login olunmasi                                   &amp#27;[90m# src/test/resources/features/Login.feature:4&amp#27;[0m
  &amp#27;[32mGiven &amp#27;[0m&amp#27;[32mKullanici giris sayfasini goruntuler&amp#27;[0m                                              &amp#27;[90m# steps.LoginSteps.kullaniciGirisSayfasiniGoruntuler()&amp#27;[0m
  &amp#27;[32mAnd &amp#27;[0m&amp#27;[32mDil olarak &amp#27;[0m&amp#27;[32m&amp#27;[1mEnglish&amp#27;[0m&amp#27;[32m secilir&amp#27;[0m                                                          &amp#27;[90m# steps.LoginSteps.dilOlarakSecilir(java.lang.String)&amp#27;[0m
  &amp#27;[32mAnd &amp#27;[0m&amp#27;[32mExplore butonuna tiklanir&amp#27;[0m                                                           &amp#27;[90m# steps.LoginSteps.exploreButonunaTiklanir()&amp#27;[0m
  &amp#27;[32mAnd &amp#27;[0m&amp#27;[32mAna sayfa goruntulenir&amp#27;[0m                                                              &amp#27;[90m# steps.LoginSteps.anaSayfaGoruntulenir()&amp#27;[0m
  &amp#27;[32mAnd &amp#27;[0m&amp#27;[32mHesabim butonuna tiklanir&amp#27;[0m                                                           &amp#27;[90m# steps.LoginSteps.hesabimButonunaTiklanir()&amp#27;[0m
  &amp#27;[32mAnd &amp#27;[0m&amp#27;[32mDaha once giris yapılmıssa giris secenekleri sekmesi asagi kaydirilir&amp#27;[0m               &amp#27;[90m# steps.LoginSteps.dahaOnceGirisYapılmıssaGirisSecenekleriSekmesiAsagiKaydirilir()&amp#27;[0m
  &amp#27;[32mAnd &amp#27;[0m&amp#27;[32mSayfa uzerindeki &amp#27;[0m&amp#27;[32m&amp#27;[1mCreate Your Account&amp#27;[0m&amp#27;[32m yazisi gorulur&amp#27;[0m                                 &amp#27;[90m# steps.LoginSteps.sayfaUzerindekiYazisiGorulur(java.lang.String)&amp#27;[0m
  &amp#27;[32mAnd &amp#27;[0m&amp#27;[32mContinue with Email butonuna tiklanir&amp#27;[0m                                               &amp#27;[90m# steps.LoginSteps.continueWithEmailButonunaTiklanir()&amp#27;[0m
  &amp#27;[32mAnd &amp#27;[0m&amp#27;[32mSayfa uzerindeki &amp#27;[0m&amp#27;[32m&amp#27;[1mEnter your email address&amp#27;[0m&amp#27;[32m yazisi gorulur&amp#27;[0m                            &amp#27;[90m# steps.LoginSteps.sayfaUzerindekiYazisiGorulur(java.lang.String)&amp#27;[0m
  &amp#27;[32mAnd &amp#27;[0m&amp#27;[32mEmail address kutusu &amp#27;[0m&amp#27;[32m&amp#27;[1meMail-Not-Valid&amp#27;[0m&amp#27;[32m ile doldurulur&amp#27;[0m                                 &amp#27;[90m# steps.LoginSteps.emailAddressKutusuIleDoldurulur(java.lang.String)&amp#27;[0m
  &amp#27;[32mAnd &amp#27;[0m&amp#27;[32mSend butonuna tiklanir&amp#27;[0m                                                              &amp#27;[90m# steps.LoginSteps.sendButonunaTiklanir()&amp#27;[0m
  &amp#27;[32mAnd &amp#27;[0m&amp#27;[32mSayfa uzerindeki &amp#27;[0m&amp#27;[32m&amp#27;[1mEmail address is not valid&amp#27;[0m&amp#27;[32m yazisi gorulur&amp#27;[0m                          &amp#27;[90m# steps.LoginSteps.sayfaUzerindekiYazisiGorulur(java.lang.String)&amp#27;[0m
  &amp#27;[32mAnd &amp#27;[0m&amp#27;[32mEmail address kutusu &amp#27;[0m&amp#27;[32m&amp#27;[1meMail-Not-Valid2&amp#27;[0m&amp#27;[32m ile doldurulur&amp#27;[0m                                &amp#27;[90m# steps.LoginSteps.emailAddressKutusuIleDoldurulur(java.lang.String)&amp#27;[0m
  &amp#27;[32mAnd &amp#27;[0m&amp#27;[32mSend butonuna tiklanir&amp#27;[0m                                                              &amp#27;[90m# steps.LoginSteps.sendButonunaTiklanir()&amp#27;[0m
  &amp#27;[32mAnd &amp#27;[0m&amp#27;[32mSayfa uzerindeki &amp#27;[0m&amp#27;[32m&amp#27;[1mInvalid parameter, please check error details&amp#27;[0m&amp#27;[32m yazisi gorulur&amp#27;[0m       &amp#27;[90m# steps.LoginSteps.sayfaUzerindekiYazisiGorulur(java.lang.String)&amp#27;[0m
  &amp#27;[32mAnd &amp#27;[0m&amp#27;[32mEmail address kutusu &amp#27;[0m&amp#27;[32m&amp#27;[1meMail-Valid&amp#27;[0m&amp#27;[32m ile doldurulur&amp#27;[0m                                     &amp#27;[90m# steps.LoginSteps.emailAddressKutusuIleDoldurulur(java.lang.String)&amp#27;[0m
  &amp#27;[32mAnd &amp#27;[0m&amp#27;[32mSend butonuna tiklanir&amp#27;[0m                                                              &amp#27;[90m# steps.LoginSteps.sendButonunaTiklanir()&amp#27;[0m
  &amp#27;[32mAnd &amp#27;[0m&amp#27;[32mSayfa uzerindeki &amp#27;[0m&amp#27;[32m&amp#27;[1mYour magic link has been sent to your email address&amp#27;[0m&amp#27;[32m yazisi gorulur&amp#27;[0m &amp#27;[90m# steps.LoginSteps.sayfaUzerindekiYazisiGorulur(java.lang.String)&amp#27;[0m
]]></system-out>
    <system-err><![CDATA[SLF4J: No SLF4J providers were found.
SLF4J: Defaulting to no-operation (NOP) logger implementation
SLF4J: See https://www.slf4j.org/codes.html#noProviders for further details.
Jan 02, 2023 10:23:22 PM common.Action isElementPresent
INFO: Checking is element present
Jan 02, 2023 10:23:22 PM common.Action confirm
INFO: Uygulama açıldı
Jan 02, 2023 10:23:24 PM common.Action isElementPresent
INFO: Checking is element present
Jan 02, 2023 10:23:25 PM common.Action click
INFO: Explore butonuna tıklandı
Jan 02, 2023 10:23:25 PM common.Action isElementPresent
INFO: Checking is element present
Jan 02, 2023 10:23:28 PM common.Action confirm
INFO: Ana sayfa görüntülendi
Jan 02, 2023 10:23:28 PM common.Action isElementPresent
INFO: Checking is element present
Jan 02, 2023 10:23:29 PM common.Action click
INFO: Hesabım butonuna tıklandı
Jan 02, 2023 10:23:33 PM common.Action isElementPresent
INFO: Checking is element present
Jan 02, 2023 10:23:34 PM common.Action click
INFO: Continue with Email butonuna tıklandı
Jan 02, 2023 10:23:37 PM common.Action isElementPresent
INFO: Checking is element present
Jan 02, 2023 10:23:37 PM common.Action click
INFO: Continue with Email butonuna tıklandı
Jan 02, 2023 10:23:37 PM common.Action isElementPresent
INFO: Checking is element present
Jan 02, 2023 10:23:39 PM common.Action enter
INFO: Email kutusuna email adresi girildi
Jan 02, 2023 10:23:40 PM common.Action isElementPresent
INFO: Checking is element present
Jan 02, 2023 10:23:40 PM common.Action click
INFO: Send butonuna tıklandı
Jan 02, 2023 10:23:43 PM common.Action isElementPresent
INFO: Checking is element present
Jan 02, 2023 10:23:43 PM common.Action click
INFO: Continue with Email butonuna tıklandı
Jan 02, 2023 10:23:43 PM common.Action isElementPresent
INFO: Checking is element present
Jan 02, 2023 10:23:46 PM common.Action enter
INFO: Email kutusuna email adresi girildi
Jan 02, 2023 10:23:47 PM common.Action isElementPresent
INFO: Checking is element present
Jan 02, 2023 10:23:47 PM common.Action click
INFO: Send butonuna tıklandı
Jan 02, 2023 10:23:49 PM common.Action isElementPresent
INFO: Checking is element present
Jan 02, 2023 10:23:49 PM common.Action click
INFO: Continue with Email butonuna tıklandı
Jan 02, 2023 10:23:49 PM common.Action isElementPresent
INFO: Checking is element present
Jan 02, 2023 10:23:51 PM common.Action enter
INFO: Email kutusuna email adresi girildi
Jan 02, 2023 10:23:52 PM common.Action isElementPresent
INFO: Checking is element present
Jan 02, 2023 10:23:52 PM common.Action click
INFO: Send butonuna tıklandı
]]></system-err>
  </testcase>
</testsuite>